<?xml version="1.0" encoding="UTF-8"?>
<!-- Generated by org.testng.reporters.JUnitReportReporter -->
<testsuite hostname="MaheshAmbati" name="Tests.LoginTest" tests="1" failures="0" timestamp="22 Dec 2013 06:18:24 GMT" time="0.881" errors="0">
  <testcase name="DoLogin" time="0.881" classname="Tests.LoginTest"/>
</testsuite> <!-- Tests.LoginTest -->
